<?xml version="1.0" encoding="UTF-8"?>
<!-- Generated by org.testng.reporters.JUnitReportReporter -->
<testsuite skipped="0" hostname="DESKTOP-4TK3MA6" name="Collextion.ListEx" tests="1" failures="0" timestamp="2019-10-11T22:24:26 BDT" time="17.992" errors="0">
  <testcase name="mainMethod" time="17.992" classname="Collextion.ListEx"/>
</testsuite> <!-- Collextion.ListEx -->
