<?xml version="1.0" encoding="UTF-8"?>
<!-- Generated by org.testng.reporters.JUnitReportReporter -->
<testsuite skipped="0" hostname="DESKTOP-4TK3MA6" name="interview.string" tests="1" failures="0" timestamp="2019-09-29T23:43:04 BDT" time="0.010" errors="0">
  <testcase name="stringRe" time="0.010" classname="interview.string"/>
</testsuite> <!-- interview.string -->
