<?xml version="1.0" encoding="UTF-8"?>
<!-- Generated by org.testng.reporters.JUnitReportReporter -->
<testsuite skipped="0" hostname="DESKTOP-4TK3MA6" name="Collextion.ArrayMethodPassing" tests="1" failures="0" timestamp="2019-10-11T22:55:41 BDT" time="19.119" errors="0">
  <testcase name="mainMethod" time="19.119" classname="Collextion.ArrayMethodPassing"/>
</testsuite> <!-- Collextion.ArrayMethodPassing -->
