<?xml version="1.0" encoding="UTF-8"?>
<!-- Generated by org.testng.reporters.JUnitReportReporter -->
<testsuite skipped="0" hostname="DESKTOP-4TK3MA6" name="Resources.TC_1_Verify_Search_option" tests="1" failures="0" timestamp="2019-09-23T10:58:32 BDT" time="19.085" errors="0">
  <testcase name="verify" time="19.085" classname="Resources.TC_1_Verify_Search_option"/>
</testsuite> <!-- Resources.TC_1_Verify_Search_option -->
