<?xml version="1.0" encoding="UTF-8"?>
<!-- Generated by org.testng.reporters.JUnitReportReporter -->
<testsuite skipped="0" hostname="DESKTOP-4TK3MA6" name="TestCasesWIKI.TC_1_Landing_Page" tests="1" failures="0" timestamp="2019-09-23T11:12:01 BDT" time="19.264" errors="0">
  <testcase name="verify_wiki_search" time="19.264" classname="TestCasesWIKI.TC_1_Landing_Page"/>
</testsuite> <!-- TestCasesWIKI.TC_1_Landing_Page -->
