<?xml version="1.0" encoding="UTF-8"?>
<!-- Generated by org.testng.reporters.JUnitReportReporter -->
<testsuite skipped="0" hostname="DESKTOP-4TK3MA6" name="TestCases.scrollingDemo" tests="1" failures="0" timestamp="2019-09-30T10:36:24 BDT" time="19.580" errors="0">
  <testcase name="ScrollingDemo" time="19.580" classname="TestCases.scrollingDemo"/>
</testsuite> <!-- TestCases.scrollingDemo -->
