<?xml version="1.0" encoding="UTF-8"?>
<!-- Generated by org.testng.reporters.JUnitReportReporter -->
<testsuite skipped="0" hostname="DESKTOP-4TK3MA6" name="interview.RezizeArray" tests="1" failures="0" timestamp="2019-10-17T11:08:58 BDT" time="0.009" errors="0">
  <testcase name="array" time="0.009" classname="interview.RezizeArray"/>
</testsuite> <!-- interview.RezizeArray -->
