<?xml version="1.0" encoding="UTF-8"?>
<!-- Generated by org.testng.reporters.JUnitReportReporter -->
<testsuite skipped="0" hostname="DESKTOP-4TK3MA6" name="TestCasesWIKI.ApiDemos" tests="1" failures="0" timestamp="2019-09-29T11:36:55 BDT" time="15.831" errors="0">
  <testcase name="testingdemo" time="15.831" classname="TestCasesWIKI.ApiDemos"/>
</testsuite> <!-- TestCasesWIKI.ApiDemos -->
