<?xml version="1.0" encoding="UTF-8"?>
<!-- Generated by org.testng.reporters.JUnitReportReporter -->
<testsuite skipped="0" hostname="DESKTOP-4TK3MA6" name="TestCases.VerifyUserAbletoscroll" tests="1" failures="0" timestamp="2019-10-02T12:59:38 BDT" time="17.808" errors="0">
  <testcase name="ScrollingDemo" time="17.808" classname="TestCases.VerifyUserAbletoscroll"/>
</testsuite> <!-- TestCases.VerifyUserAbletoscroll -->
