<?xml version="1.0" encoding="UTF-8"?>
<!-- Generated by org.testng.reporters.JUnitReportReporter -->
<testsuite skipped="0" hostname="DESKTOP-4TK3MA6" name="TestCases.TabingGesture_Tab_LongPress" tests="1" failures="0" timestamp="2019-09-30T10:38:22 BDT" time="17.997" errors="0">
  <testcase name="TabGesture" time="17.997" classname="TestCases.TabingGesture_Tab_LongPress"/>
</testsuite> <!-- TestCases.TabingGesture_Tab_LongPress -->
