<?xml version="1.0" encoding="UTF-8"?>
<!-- Generated by org.testng.reporters.JUnitReportReporter -->
<testsuite skipped="0" hostname="DESKTOP-4TK3MA6" name="Control.IfStatement" tests="1" failures="0" timestamp="2019-12-04T09:43:29 BDT" time="0.013" errors="0">
  <testcase name="ifexample" time="0.013" classname="Control.IfStatement"/>
</testsuite> <!-- Control.IfStatement -->
