<?xml version="1.0" encoding="UTF-8"?>
<!-- Generated by org.testng.reporters.JUnitReportReporter -->
<testsuite skipped="0" hostname="DESKTOP-4TK3MA6" name="test.TC_1" tests="1" failures="0" timestamp="2019-09-23T10:44:11 BDT" time="19.203" errors="0">
  <testcase name="verify" time="19.203" classname="test.TC_1"/>
</testsuite> <!-- test.TC_1 -->
