<?xml version="1.0" encoding="UTF-8"?>
<!-- Generated by org.testng.reporters.JUnitReportReporter -->
<testsuite skipped="0" hostname="DESKTOP-4TK3MA6" name="This.ThisKeyWord" tests="1" failures="0" timestamp="2019-12-04T10:05:24 BDT" time="0.011" errors="0">
  <testcase name="AA" time="0.011" classname="This.ThisKeyWord"/>
</testsuite> <!-- This.ThisKeyWord -->
