<?xml version="1.0" encoding="UTF-8"?>
<!-- Generated by org.testng.reporters.JUnitReportReporter -->
<testsuite skipped="0" hostname="DESKTOP-4TK3MA6" name="TestCasesWIKI.swipedemo" tests="1" failures="0" timestamp="2019-09-29T19:29:32 BDT" time="20.645" errors="0">
  <testcase name="swipe" time="20.645" classname="TestCasesWIKI.swipedemo"/>
</testsuite> <!-- TestCasesWIKI.swipedemo -->
