<?xml version="1.0" encoding="UTF-8"?>
<!-- Generated by org.testng.reporters.JUnitReportReporter -->
<testsuite skipped="0" hostname="DESKTOP-4TK3MA6" name="test.cc" tests="1" failures="0" timestamp="2019-09-23T07:51:38 BDT" time="11.833" errors="0">
  <testcase name="test" time="11.833" classname="test.cc"/>
</testsuite> <!-- test.cc -->
