<?xml version="1.0" encoding="UTF-8"?>
<!-- Generated by org.testng.reporters.JUnitReportReporter -->
<testsuite skipped="0" hostname="DESKTOP-4TK3MA6" name="Execute_TestCases.VerifyUserAble_to_Drag_and_drop" tests="1" failures="0" timestamp="2019-10-22T20:54:49 BDT" time="51.107" errors="0">
  <testcase name="DragAndDrop" time="51.107" classname="Execute_TestCases.VerifyUserAble_to_Drag_and_drop"/>
</testsuite> <!-- Execute_TestCases.VerifyUserAble_to_Drag_and_drop -->
