<?xml version="1.0" encoding="UTF-8"?>
<!-- Generated by org.testng.reporters.JUnitReportReporter -->
<testsuite skipped="0" hostname="DESKTOP-4TK3MA6" name="TestCasesWIKI.scrollingDemo" tests="1" failures="0" timestamp="2019-09-29T19:46:41 BDT" time="19.406" errors="0">
  <testcase name="ScrollingDemo" time="19.406" classname="TestCasesWIKI.scrollingDemo"/>
</testsuite> <!-- TestCasesWIKI.scrollingDemo -->
