<?xml version="1.0" encoding="UTF-8"?>
<!-- Generated by org.testng.reporters.JUnitReportReporter -->
<testsuite skipped="0" hostname="DESKTOP-4TK3MA6" name="RefnVariable.Call" tests="1" failures="0" timestamp="2019-10-12T13:00:23 BDT" time="0.016" errors="0">
  <testcase name="calling" time="0.016" classname="RefnVariable.Call"/>
</testsuite> <!-- RefnVariable.Call -->
