<?xml version="1.0" encoding="UTF-8"?>
<!-- Generated by org.testng.reporters.JUnitReportReporter -->
<testsuite skipped="0" hostname="DESKTOP-4TK3MA6" name="TestCases.Views_Api" tests="1" failures="0" timestamp="2019-10-02T12:41:18 BDT" time="19.774" errors="0">
  <testcase name="verify_Views" time="19.774" classname="TestCases.Views_Api"/>
</testsuite> <!-- TestCases.Views_Api -->
