<?xml version="1.0" encoding="UTF-8"?>
<!-- Generated by org.testng.reporters.JUnitReportReporter -->
<testsuite skipped="0" hostname="DESKTOP-4TK3MA6" name="RefnVariable.RefArray" tests="1" failures="0" timestamp="2019-10-12T12:50:36 BDT" time="0.012" errors="0">
  <testcase name="array" time="0.012" classname="RefnVariable.RefArray"/>
</testsuite> <!-- RefnVariable.RefArray -->
