<?xml version="1.0" encoding="UTF-8"?>
<!-- Generated by org.testng.reporters.JUnitReportReporter -->
<testsuite skipped="0" hostname="DESKTOP-4TK3MA6" name="TestCasesWIKI.TC_1_Verify_WIKI_Search" tests="1" failures="0" timestamp="2019-09-28T12:15:14 BDT" time="22.123" errors="0">
  <testcase name="wiki_search" time="22.123" classname="TestCasesWIKI.TC_1_Verify_WIKI_Search"/>
</testsuite> <!-- TestCasesWIKI.TC_1_Verify_WIKI_Search -->
