<?xml version="1.0" encoding="UTF-8"?>
<!-- Generated by org.testng.reporters.JUnitReportReporter -->
<testsuite skipped="0" hostname="DESKTOP-4TK3MA6" name="Enum.EnaumEx" tests="1" failures="0" timestamp="2019-12-22T08:37:32 BDT" time="0.015" errors="0">
  <testcase name="callmethod" time="0.015" classname="Enum.EnaumEx"/>
</testsuite> <!-- Enum.EnaumEx -->
