<?xml version="1.0" encoding="UTF-8"?>
<!-- Generated by org.testng.reporters.JUnitReportReporter -->
<testsuite skipped="0" hostname="DESKTOP-4TK3MA6" name="interview.ReserseArray" tests="1" failures="0" timestamp="2019-10-12T19:28:16 BDT" time="0.012" errors="0">
  <testcase name="rr" time="0.012" classname="interview.ReserseArray"/>
</testsuite> <!-- interview.ReserseArray -->
