<?xml version="1.0" encoding="UTF-8"?>
<!-- Generated by org.testng.reporters.JUnitReportReporter -->
<testsuite skipped="0" hostname="DESKTOP-4TK3MA6" name="Control.SwitchExcute" tests="1" failures="0" timestamp="2019-12-03T12:12:42 BDT" time="0.011" errors="0">
  <testcase name="Ex" time="0.011" classname="Control.SwitchExcute"/>
</testsuite> <!-- Control.SwitchExcute -->
