<?xml version="1.0" encoding="UTF-8"?>
<!-- Generated by org.testng.reporters.JUnitReportReporter -->
<testsuite skipped="0" hostname="DESKTOP-4TK3MA6" name="TestCasesWIKI.Tabing" tests="1" failures="0" timestamp="2019-09-29T13:49:51 BDT" time="17.144" errors="0">
  <testcase name="mainTest" time="17.144" classname="TestCasesWIKI.Tabing"/>
</testsuite> <!-- TestCasesWIKI.Tabing -->
