<?xml version="1.0" encoding="UTF-8"?>
<!-- Generated by org.testng.reporters.JUnitReportReporter -->
<testsuite skipped="0" hostname="DESKTOP-4TK3MA6" name="API.Calling" tests="1" failures="0" timestamp="2019-09-30T16:42:19 BDT" time="1.406" errors="0">
  <testcase name="GetCall" time="1.406" classname="API.Calling"/>
</testsuite> <!-- API.Calling -->
