<?xml version="1.0" encoding="UTF-8"?>
<!-- Generated by org.testng.reporters.JUnitReportReporter -->
<testsuite skipped="0" hostname="DESKTOP-4TK3MA6" name="Helper.Emulator_Test9" tests="2" failures="0" timestamp="2019-10-02T17:03:36 BDT" time="5.044" errors="0">
  <testcase name="ServerSite" time="0.035" classname="Helper.Emulator_Test9"/>
  <testcase name="Emulator" time="5.009" classname="Helper.Emulator_Test9"/>
</testsuite> <!-- Helper.Emulator_Test9 -->
