<?xml version="1.0" encoding="UTF-8"?>
<!-- Generated by org.testng.reporters.JUnitReportReporter -->
<testsuite skipped="0" hostname="DESKTOP-4TK3MA6" name="TestCasesWIKI.TabingGesture" tests="1" failures="0" timestamp="2019-09-29T19:07:49 BDT" time="16.663" errors="0">
  <testcase name="TabGesture" time="16.663" classname="TestCasesWIKI.TabingGesture"/>
</testsuite> <!-- TestCasesWIKI.TabingGesture -->
