<?xml version="1.0" encoding="UTF-8"?>
<!-- Generated by org.testng.reporters.JUnitReportReporter -->
<testsuite skipped="0" hostname="DESKTOP-4TK3MA6" name="Academy.HomePage" tests="2" failures="0" timestamp="2019-09-17T03:40:02 BDT" time="27.397" errors="0">
  <testcase name="basePageNavigation" time="6.172" classname="Academy.HomePage"/>
  <testcase name="basePageNavigation" time="21.225" classname="Academy.HomePage"/>
</testsuite> <!-- Academy.HomePage -->
